make[1]: Entering directory '/home/dpcuong/FIPS204/workspace'
-----------------> SIMULATING <-------------------
ffa6448f, ff87e360, ffd5b7a0, ffcce7a6, ffce1b67, ffcfbccc, fff353f4, ffedf827, 
ff971ee1, fffa3c3f, ffaab83f, ff931709, ffbd0194, ffc79e77, ff8148ee, ffe3405b, 
fff35fd9, ffe7620a, ffa4a82f, ffc4a75c, ff96c316, ff9ec9a9, ff954dc3, ff8922be, 
ff932f4d, ffdf04f3, ffa1390c, fff0f247, fffcc133, fff6d767, ffb84445, ff8306c2, 
fffe9ac9, ffeddce6, ffafcf69, ffacb730, ffbd99b2, ffa3235e, fffa9058, ffd49894, 
fffd409e, ffa54897, ffc7909e, ffba4232, ffccc80f, ffa8ba8e, fffd638f, ffc027e8, 
ffeffd99, ffa20bbe, ffe4b046, ff86c0af, ffa0b669, fff9de0a, ff8fc36f, ffb3c5b7, 
ffb8e3fd, ff90dd7c, ffa4b7fe, ff95a630, ff87b4e3, ffdcdc44, ff988cf4, ff864fac, 
ffaaba2b, ffa83d5e, ff92e7dd, ffe833de, ffab41bd, ff8d7835, ff9ccd73, ff88835c, 
ff92a1cd, ffe43e12, ffc2a58f, ffdf49de, ffecd9a1, ffa00a1e, ffff52c7, ffdcd73b, 
ffa1f6de, ffc4040d, ffe377eb, ffc28d48, ffbde217, ffd31c5b, ffd63400, fff6a616, 
ffe3d9d8, fffacbff, ff8c4c46, ffeb6ebd, ffb7a943, ff84ba3b, ffd19f6a, ffe2436f, 
ff8cd89b, ffe46749, ffaa784e, ffb7fa59, ffd1c07f, ffa726c2, ffc05db6, ffe4424e, 
ffeb45d5, ffe2e447, ffa38d2c, ffd81f77, ffe2cf66, ff82e0f3, ffb4f6b2, ffe4a745, 
ffc6c502, fff84f9e, ff87358d, ffe4881a, ffcb6bfa, ffdd498e, ffbb2f30, ffaf45d2, 
ffb8168d, ffa75c78, fffa9590, ffef9fd2, ffabf6b4, ffcc34fb, ffb1e441, ff98b050, 
ff909d44, ffbc3d90, ffb08bab, ffc23ec4, ffe34453, ffd0ca62, ff868212, ffce8a29, 
ff93afa9, ffa9ef3f, ff86aaa0, fff65f11, ff8cb134, ffbb8153, ffbb0756, ffd35637, 
ff93d1f1, ffc21ce5, ffb7de51, ffdf1dec, ff9f6673, fff2ed83, ffee44c0, ffd75d02, 
fffa2afc, ffc8db50, ffa6fdd4, ff8622b0, fff4f14c, ffb8c316, ff9eb302, ff858e90, 
fff4e0a8, ffcf1eae, ffa7ae56, ffb825fb, ff9fe910, ffae1069, ff86b024, ff9379bb, 
ffd7dfaa, ffed1bc6, ff89d8cc, ffc471df, ff889e19, ffc4c023, ff97c816, ff9c500c, 
ffe6be09, ffaf8768, fffb4df9, ff86247d, ff8275eb, ffc993b9, ffbd6280, fffc80e8, 
ff926f0a, ffc44155, ff82a399, ff876056, fffce46c, ffa1369c, ffecafe9, fff1c514, 
ffd0364b, ff945e3f, ff89ec10, ffd0005c, ffc24ea9, ff907c35, ffe35a18, fffa0f54, 
fffd77fd, ffcd13e5, ffbe8133, ff861616, fff1b50a, ffb62a4a, ff824723, ffd87313, 
ffe591b4, ffdd761e, ffbe7891, ffc7e8a0, ffa709d7, ffdbbc12, ffc46989, ff9959e2, 
ff9ffd67, ffa6ee23, ff809b3a, ff9ce1d4, ffa805c0, ffed2b24, ffee87e9, fff81c0c, 
ffe16a64, fff853fa, ffa81d68, ff83ba0d, ffe8b131, ffeb5882, fffda963, ffc62a2e, 
ff986d67, ff9c2b96, ffac2145, ffea0372, ffb236e2, ffae486a, ffc27686, fff7a997, 
ff8bbe88, ffe0d018, ffbf9237, ff92a960, ffbc8c2b, ffe3dcc1, ffabe344, ffbc6a93, 
ff8acae4, ffac5e7f, ffd92c68, ffb2b0a5, fff96aa4, ffa7b552, ff8acdb1, ffdad508 


ff279f2d, fec65ede, ffad2f0e, ff978b98, fede9a4d, ff0de394, ff9ba890, feffbb17, 
ff10f119, ff2c5dd7, ff9deab3, ff7f1967, fef8a424, ff01a77b, ff0afdf6, fef9bed1, 
ff0152f5, ff3d33ac, fea7c557, ff24e900, feea765a, ff1cbeb3, feef439d, fef3e962, 
ff1c25df, ff7d3ee7, ff9e1e14, ffc982d9, ff3023e1, ff9090d9, ff0ff99b, ff378410, 
ff202dbb, ff1d09aa, ff382c2f, ff9e2690, ff2aad40, fed3d4c0, fefdc2a8, ffc479e2, 
ffa9319c, ff5b4ae1, ffa3744a, ff617346, ff7c70e3, ff0e5342, ffbad31b, fec721da, 
ff6b0575, ff2235f8, ff4babde, fe9ed9d1, ff5e7333, ff7a6d02, fed240bb, fefa7913, 
ff210aeb, ff8fdd56, ff0d59ee, ff30efce, ff206e2f, ff9cf38c, fef18f66, ff405bec, 
ff599bbd, ff895c98, ff479f03, ffc3c684, febd1259, ff4521ad, ff684167, ff05e27c, 
ff49ab91, ff4b7336, fee735c3, ff45fc76, ffc2a301, ff41a764, ff2c9cd7, ff2da877, 
ff0d1c60, ff61453d, ff0bffcf, ffab0d1a, fedbb23f, fefdbf11, ff4ec530, ff3c3ab2, 
ff0d7c68, ff9b9ca5, ff762608, fef7289b, fed86eb5, fec7966f, ff57030e, ffb1aa75, 
ff70718f, ff1e8213, ff154f7e, ff6d016f, ffcc8049, fee6ad6c, ff3c21ee, ff55e960, 
ff519f29, ff42d639, ff3b845c, ffd3dfb1, feed9a24, fe918035, ff4ae62a, ff1a350b, 
ff726576, ff766480, fea54325, ff6d963c, ffbd4196, ff3385dc, fed32ff0, ff8a5b84, 
ffaee383, fea936fa, ffe12522, ff07323a, feb04af0, ff4163b7, ff587b35, ff805d82, 
  24e9f1,   4967e2, fffe4032,    243b4,   bd9c81,   919604,   4aff58,   dc3537, 
  1d4ca9,   c81aa7, ffb785cb, ffa714ab,   815f04,   8d9573, fff793e6,   ccc1e5, 
  e56cbd,   919068,   a18b07,   6465b8,   430fd2,   20d49f,   3b57e9,   1e5c1a, 
   a38bb,   40caff, ffa45404,   1861b5,   c95e85,   5d1df5,   608eef, ffce8974, 
  dd07d7,   beb022,   2772a3, ffbb47d0,   508624,   7271fc,   f75e08, ffe4b746, 
  514fa0, ffef464d, ffebacf2,   13111e,   1d1f3b,   4321da,   3ff403,   b92df6, 
  74f5bd,   21e184,   7db4ae,   6ea78d, ffe2f99f,   794f12,   4d4623,   6d125b, 
  50bd0f, ff91dda2,   3c160e, fffa5c92, ffeefb97,   1cc4fc,   3f8a82, ffcc436c, 
fffbd899, ffc71e24, ffde30b7,    ca138,   997121, ffd5cebd, ffd1597f,    b243c, 
ffdb9809,   7d08ee,   9e155b,   789746,   171041, fffe6cd8,   d208b7,   8c05ff, 
  36d15c,   26c2dd,   baf007, ffda0d76,   a011ef,   a879a5,   5da2d0,   b1117a, 
  ba3748,   59fb59, ffa27284,   dfb4df,   96e3d1,   41de07,   4c3bc6,   12dc69, 
ffa93fa7,   aa4c7f,   3fa11e,    2f343, ffd700b5,   67a018,   44997e,   729b3c, 
  84ec81,   82f255,    b95fc, ffdc5f3d,   d804a8,   7441b1,   1f073a,   af197f, 
  1b248e,   7a3abc,   6927f5,   5b79f8, ffd9965e,   870d40,   a32e70, ffd43020, 
ffc14997,   a581f6,   1405fe,   d80d6a,   a7a278,   57063f,    b4d4d, ffb1031e 


ffa6448f, ff87e360, ffd5b7a0, ffcce7a6, ffce1b67, ffcfbccc, fff353f4, ffedf827, 
ff971ee1, fffa3c3f, ffaab83f, ff931709, ffbd0194, ffc79e77, ff8148ee, ffe3405b, 
fff35fd9, ffe7620a, ffa4a82f, ffc4a75c, ff96c316, ff9ec9a9, ff954dc3, ff8922be, 
ff932f4d, ffdf04f3, ffa1390c, fff0f247, fffcc133, fff6d767, ffb84445, ff8306c2, 
fffe9ac9, ffeddce6, ffafcf69, ffacb730, ffbd99b2, ffa3235e, fffa9058, ffd49894, 
fffd409e, ffa54897, ffc7909e, ffba4232, ffccc80f, ffa8ba8e, fffd638f, ffc027e8, 
ffeffd99, ffa20bbe, ffe4b046, ff86c0af, ffa0b669, fff9de0a, ff8fc36f, ffb3c5b7, 
ffb8e3fd, ff90dd7c, ffa4b7fe, ff95a630, ff87b4e3, ffdcdc44, ff988cf4, ff864fac, 
ffaaba2b, ffa83d5e, ff92e7dd, ffe833de, ffab41bd, ff8d7835, ff9ccd73, ff88835c, 
ff92a1cd, ffe43e12, ffc2a58f, ffdf49de, ffecd9a1, ffa00a1e, ffff52c7, ffdcd73b, 
ffa1f6de, ffc4040d, ffe377eb, ffc28d48, ffbde217, ffd31c5b, ffd63400, fff6a616, 
ffe3d9d8, fffacbff, ff8c4c46, ffeb6ebd, ffb7a943, ff84ba3b, ffd19f6a, ffe2436f, 
ff8cd89b, ffe46749, ffaa784e, ffb7fa59, ffd1c07f, ffa726c2, ffc05db6, ffe4424e, 
ffeb45d5, ffe2e447, ffa38d2c, ffd81f77, ffe2cf66, ff82e0f3, ffb4f6b2, ffe4a745, 
ffc6c502, fff84f9e, ff87358d, ffe4881a, ffcb6bfa, ffdd498e, ffbb2f30, ffaf45d2, 
ffb8168d, ffa75c78, fffa9590, ffef9fd2, ffabf6b4, ffcc34fb, ffb1e441, ff98b050, 
ff909d44, ffbc3d90, ffb08bab, ffc23ec4, ffe34453, ffd0ca62, ff868212, ffce8a29, 
ff93afa9, ffa9ef3f, ff86aaa0, fff65f11, ff8cb134, ffbb8153, ffbb0756, ffd35637, 
ff93d1f1, ffc21ce5, ffb7de51, ffdf1dec, ff9f6673, fff2ed83, ffee44c0, ffd75d02, 
fffa2afc, ffc8db50, ffa6fdd4, ff8622b0, fff4f14c, ffb8c316, ff9eb302, ff858e90, 
fff4e0a8, ffcf1eae, ffa7ae56, ffb825fb, ff9fe910, ffae1069, ff86b024, ff9379bb, 
ffd7dfaa, ffed1bc6, ff89d8cc, ffc471df, ff889e19, ffc4c023, ff97c816, ff9c500c, 
ffe6be09, ffaf8768, fffb4df9, ff86247d, ff8275eb, ffc993b9, ffbd6280, fffc80e8, 
ff926f0a, ffc44155, ff82a399, ff876056, fffce46c, ffa1369c, ffecafe9, fff1c514, 
ffd0364b, ff945e3f, ff89ec10, ffd0005c, ffc24ea9, ff907c35, ffe35a18, fffa0f54, 
fffd77fd, ffcd13e5, ffbe8133, ff861616, fff1b50a, ffb62a4a, ff824723, ffd87313, 
ffe591b4, ffdd761e, ffbe7891, ffc7e8a0, ffa709d7, ffdbbc12, ffc46989, ff9959e2, 
ff9ffd67, ffa6ee23, ff809b3a, ff9ce1d4, ffa805c0, ffed2b24, ffee87e9, fff81c0c, 
ffe16a64, fff853fa, ffa81d68, ff83ba0d, ffe8b131, ffeb5882, fffda963, ffc62a2e, 
ff986d67, ff9c2b96, ffac2145, ffea0372, ffb236e2, ffae486a, ffc27686, fff7a997, 
ff8bbe88, ffe0d018, ffbf9237, ff92a960, ffbc8c2b, ffe3dcc1, ffabe344, ffbc6a93, 
ff8acae4, ffac5e7f, ffd92c68, ffb2b0a5, fff96aa4, ffa7b552, ff8acdb1, ffdad508 


make[1]: Leaving directory '/home/dpcuong/FIPS204/workspace'
